[2020-12-11T20:28:35.911] [DEBUG] debug - unique_1 :- Login request received for username: MounikaBeerelly
[2020-12-11T20:28:35.929] [DEBUG] debug - unique_1 :- Fetching from users db with username: MounikaBeerelly
[2020-12-11T20:28:36.408] [DEBUG] debug - unique_1 :- authenticatation is successfull
[2020-12-11T20:28:36.410] [DEBUG] debug - unique_1 :- About to create JWT token  
[2020-12-11T20:28:36.422] [DEBUG] debug - unique_1 :- Token was created sucessfully
[2020-12-11T20:28:36.422] [DEBUG] debug - unique_1
[2020-12-11T20:41:26.260] [DEBUG] debug - undefined :- Login request received for username: divya123
[2020-12-11T20:41:26.260] [DEBUG] debug - undefined :- Fetching from users db with username: divya123
[2020-12-11T20:41:26.493] [DEBUG] debug - undefined :- authenticatation is successfull
[2020-12-11T20:41:26.493] [DEBUG] debug - undefined :- About to create JWT token  
[2020-12-11T20:41:26.499] [DEBUG] debug - undefined :- Token was created sucessfully
[2020-12-11T20:41:26.500] [DEBUG] debug - null
[2020-12-11T20:53:02.912] [DEBUG] debug - undefined :- Login request received for username: divya123
[2020-12-11T20:53:02.912] [DEBUG] debug - undefined :- Fetching from users db with username: divya123
[2020-12-11T20:53:03.215] [DEBUG] debug - undefined :- authenticatation is successfull
[2020-12-11T20:53:03.215] [DEBUG] debug - undefined :- About to create JWT token  
[2020-12-11T20:53:03.230] [DEBUG] debug - undefined :- Token was created sucessfully
[2020-12-11T20:53:03.230] [DEBUG] debug - null
[2020-12-11T22:15:50.811] [DEBUG] debug - undefined :- Login request received for username: divya123
[2020-12-11T22:15:50.811] [DEBUG] debug - undefined :- Fetching from users db with username: divya123
[2020-12-11T22:15:50.996] [DEBUG] debug - undefined :- authenticatation is successfull
[2020-12-11T22:15:50.996] [DEBUG] debug - undefined :- About to create JWT token  
[2020-12-11T22:15:51.000] [DEBUG] debug - undefined :- Token was created sucessfully
[2020-12-11T22:15:51.001] [DEBUG] debug - null
[2020-12-12T19:13:31.672] [DEBUG] debug - undefined :- Login request received for username: divya123
[2020-12-12T19:13:31.674] [DEBUG] debug - undefined :- Fetching from users db with username: divya123
[2020-12-12T19:13:31.931] [DEBUG] debug - undefined :- authenticatation is successfull
[2020-12-12T19:13:31.931] [DEBUG] debug - undefined :- About to create JWT token  
[2020-12-12T19:13:31.965] [DEBUG] debug - undefined :- Token was created sucessfully
[2020-12-12T19:13:31.966] [DEBUG] debug - null
[2020-12-12T19:16:55.580] [DEBUG] debug - undefined :- Login request received for username: divya123
[2020-12-12T19:16:55.581] [DEBUG] debug - undefined :- Fetching from users db with username: divya123
[2020-12-12T19:16:55.763] [DEBUG] debug - undefined :- authenticatation is successfull
[2020-12-12T19:16:55.764] [DEBUG] debug - undefined :- About to create JWT token  
[2020-12-12T19:16:55.768] [DEBUG] debug - undefined :- Token was created sucessfully
[2020-12-12T19:16:55.769] [DEBUG] debug - null
[2020-12-12T19:29:41.493] [DEBUG] debug - undefined :- Login request received for username: divya123
[2020-12-12T19:29:41.493] [DEBUG] debug - undefined :- Fetching from users db with username: divya123
[2020-12-12T19:29:41.686] [DEBUG] debug - undefined :- authenticatation is successfull
[2020-12-12T19:29:41.687] [DEBUG] debug - undefined :- About to create JWT token  
[2020-12-12T19:29:41.689] [DEBUG] debug - undefined :- Token was created sucessfully
[2020-12-12T19:29:41.690] [DEBUG] debug - null
[2020-12-12T20:39:06.755] [DEBUG] debug - undefined :- Login request received for username: divya123
[2020-12-12T20:39:06.755] [DEBUG] debug - undefined :- Fetching from users db with username: divya123
[2020-12-12T20:39:06.942] [DEBUG] debug - undefined :- authenticatation is successfull
[2020-12-12T20:39:06.942] [DEBUG] debug - undefined :- About to create JWT token  
[2020-12-12T20:39:06.947] [DEBUG] debug - undefined :- Token was created sucessfully
[2020-12-12T20:39:06.948] [DEBUG] debug - null
[2020-12-13T14:23:50.485] [DEBUG] debug - undefined :- Login request received for username: divya123
[2020-12-13T14:23:50.487] [DEBUG] debug - undefined :- Fetching from users db with username: divya123
[2020-12-13T14:23:50.763] [DEBUG] debug - undefined :- authenticatation is successfull
[2020-12-13T14:23:50.763] [DEBUG] debug - undefined :- About to create JWT token  
[2020-12-13T14:23:50.775] [DEBUG] debug - undefined :- Token was created sucessfully
[2020-12-13T14:23:50.776] [DEBUG] debug - null
[2020-12-13T14:29:01.904] [DEBUG] debug - undefined :- Login request received for username: divya123
[2020-12-13T14:29:01.904] [DEBUG] debug - undefined :- Fetching from users db with username: divya123
[2020-12-13T14:29:02.149] [DEBUG] debug - undefined :- authenticatation is successfull
[2020-12-13T14:29:02.149] [DEBUG] debug - undefined :- About to create JWT token  
[2020-12-13T14:29:02.153] [DEBUG] debug - undefined :- Token was created sucessfully
[2020-12-13T14:29:02.153] [DEBUG] debug - null
[2020-12-13T14:33:34.729] [DEBUG] debug - undefined :- Login request received for username: divya123
[2020-12-13T14:33:34.732] [DEBUG] debug - undefined :- Fetching from users db with username: divya123
[2020-12-13T14:33:35.051] [DEBUG] debug - undefined :- authenticatation is successfull
[2020-12-13T14:33:35.052] [DEBUG] debug - undefined :- About to create JWT token  
[2020-12-13T14:33:35.065] [DEBUG] debug - undefined :- Token was created sucessfully
[2020-12-13T14:33:35.067] [DEBUG] debug - null
[2020-12-13T14:55:33.272] [DEBUG] debug - undefined :- Login request received for username: divya123
[2020-12-13T14:55:33.274] [DEBUG] debug - undefined :- Fetching from users db with username: divya123
[2020-12-13T14:55:33.547] [DEBUG] debug - undefined :- authenticatation is successfull
[2020-12-13T14:55:33.547] [DEBUG] debug - undefined :- About to create JWT token  
[2020-12-13T14:55:33.555] [DEBUG] debug - undefined :- Token was created sucessfully
[2020-12-13T14:55:33.556] [DEBUG] debug - null
[2020-12-13T15:34:19.344] [DEBUG] debug - unique_1 :- Login request received for username: divya123
[2020-12-13T15:34:19.347] [DEBUG] debug - unique_1 :- Fetching from users db with username: divya123
[2020-12-13T15:34:19.907] [DEBUG] debug - unique_1 :- authenticatation is successfull
[2020-12-13T15:34:19.908] [DEBUG] debug - unique_1 :- About to create JWT token  
[2020-12-13T15:34:19.920] [DEBUG] debug - unique_1 :- Token was created sucessfully
[2020-12-13T15:34:19.920] [DEBUG] debug - unique_1
[2020-12-13T15:35:38.750] [DEBUG] debug - unique_1 :- Login request received for username: divya123
[2020-12-13T15:35:38.752] [DEBUG] debug - unique_1 :- Fetching from users db with username: divya123
[2020-12-13T15:35:39.311] [DEBUG] debug - unique_1 :- authenticatation is successfull
[2020-12-13T15:35:39.312] [DEBUG] debug - unique_1 :- About to create JWT token  
[2020-12-13T15:35:39.329] [DEBUG] debug - unique_1 :- Token was created sucessfully
[2020-12-13T15:35:39.330] [DEBUG] debug - unique_1
[2020-12-13T15:37:38.611] [DEBUG] debug - unique_1 :- Login request received for username: divya123
[2020-12-13T15:37:38.611] [DEBUG] debug - unique_1 :- Fetching from users db with username: divya123
[2020-12-13T15:37:38.884] [DEBUG] debug - unique_1 :- authenticatation is successfull
[2020-12-13T15:37:38.885] [DEBUG] debug - unique_1 :- About to create JWT token  
[2020-12-13T15:37:38.893] [DEBUG] debug - unique_1 :- Token was created sucessfully
[2020-12-13T15:37:38.893] [DEBUG] debug - unique_1
[2020-12-13T15:39:20.852] [DEBUG] debug - unique_1 :- Login request received for username: divya123
[2020-12-13T15:39:20.852] [DEBUG] debug - unique_1 :- Fetching from users db with username: divya123
[2020-12-13T15:39:21.330] [DEBUG] debug - unique_1 :- authenticatation is successfull
[2020-12-13T15:39:21.330] [DEBUG] debug - unique_1 :- About to create JWT token  
[2020-12-13T15:39:21.337] [DEBUG] debug - unique_1 :- Token was created sucessfully
[2020-12-13T15:39:21.338] [DEBUG] debug - unique_1
[2020-12-13T15:39:46.850] [DEBUG] debug - unique_1 :- Login request received for username: divya123
[2020-12-13T15:39:46.851] [DEBUG] debug - unique_1 :- Fetching from users db with username: divya123
[2020-12-13T15:39:47.148] [DEBUG] debug - unique_1 :- authenticatation is successfull
[2020-12-13T15:39:47.151] [DEBUG] debug - unique_1 :- About to create JWT token  
[2020-12-13T15:39:47.161] [DEBUG] debug - unique_1 :- Token was created sucessfully
[2020-12-13T15:39:47.162] [DEBUG] debug - unique_1
[2020-12-13T15:40:08.291] [DEBUG] debug - unique_1 :- Login request received for username: divya123
[2020-12-13T15:40:08.293] [DEBUG] debug - unique_1 :- Fetching from users db with username: divya123
[2020-12-13T15:40:08.686] [DEBUG] debug - unique_1 :- authenticatation is successfull
[2020-12-13T15:40:08.689] [DEBUG] debug - unique_1 :- About to create JWT token  
[2020-12-13T15:40:08.693] [DEBUG] debug - unique_1 :- Token was created sucessfully
[2020-12-13T15:40:08.693] [DEBUG] debug - unique_1
[2020-12-13T15:40:58.222] [DEBUG] debug - unique_1 :- Login request received for username: divya123
[2020-12-13T15:40:58.222] [DEBUG] debug - unique_1 :- Fetching from users db with username: divya123
[2020-12-13T15:40:58.651] [DEBUG] debug - unique_1 :- authenticatation is successfull
[2020-12-13T15:40:58.652] [DEBUG] debug - unique_1 :- About to create JWT token  
[2020-12-13T15:40:58.675] [DEBUG] debug - unique_1 :- Token was created sucessfully
[2020-12-13T15:40:58.679] [DEBUG] debug - unique_1
[2020-12-13T15:44:58.686] [DEBUG] debug - unique_1 :- Login request received for username: divya123
[2020-12-13T15:44:58.687] [DEBUG] debug - unique_1 :- Fetching from users db with username: divya123
[2020-12-13T15:44:59.051] [DEBUG] debug - unique_1 :- authenticatation is successfull
[2020-12-13T15:44:59.051] [DEBUG] debug - unique_1 :- About to create JWT token  
[2020-12-13T15:44:59.056] [DEBUG] debug - unique_1 :- Token was created sucessfully
[2020-12-13T15:44:59.057] [DEBUG] debug - unique_1
[2020-12-13T15:45:12.976] [DEBUG] debug - unique_1 :- Login request received for username: divya123
[2020-12-13T15:45:12.977] [DEBUG] debug - unique_1 :- Fetching from users db with username: divya123
[2020-12-13T15:45:13.350] [DEBUG] debug - unique_1 :- authenticatation is successfull
[2020-12-13T15:45:13.350] [DEBUG] debug - unique_1 :- About to create JWT token  
[2020-12-13T15:45:13.360] [DEBUG] debug - unique_1 :- Token was created sucessfully
[2020-12-13T15:45:13.361] [DEBUG] debug - unique_1
[2020-12-13T15:45:36.132] [DEBUG] debug - unique_1 :- Login request received for username: divya123
[2020-12-13T15:45:36.133] [DEBUG] debug - unique_1 :- Fetching from users db with username: divya123
[2020-12-13T15:45:36.441] [DEBUG] debug - unique_1 :- authenticatation is successfull
[2020-12-13T15:45:36.442] [DEBUG] debug - unique_1 :- About to create JWT token  
[2020-12-13T15:45:36.446] [DEBUG] debug - unique_1 :- Token was created sucessfully
[2020-12-13T15:45:36.446] [DEBUG] debug - unique_1
[2020-12-13T15:47:18.776] [DEBUG] debug - unique_1 :- Login request received for username: divya123
[2020-12-13T15:47:18.777] [DEBUG] debug - unique_1 :- Fetching from users db with username: divya123
[2020-12-13T15:47:19.059] [DEBUG] debug - unique_1 :- authenticatation is successfull
[2020-12-13T15:47:19.059] [DEBUG] debug - unique_1 :- About to create JWT token  
[2020-12-13T15:47:19.063] [DEBUG] debug - unique_1 :- Token was created sucessfully
[2020-12-13T15:47:19.063] [DEBUG] debug - unique_1
[2020-12-13T15:47:58.175] [DEBUG] debug - unique_1 :- Login request received for username: divya123
[2020-12-13T15:47:58.175] [DEBUG] debug - unique_1 :- Fetching from users db with username: divya123
[2020-12-13T15:47:58.486] [DEBUG] debug - unique_1 :- authenticatation is successfull
[2020-12-13T15:47:58.487] [DEBUG] debug - unique_1 :- About to create JWT token  
[2020-12-13T15:47:58.490] [DEBUG] debug - unique_1 :- Token was created sucessfully
[2020-12-13T15:47:58.501] [DEBUG] debug - unique_1
[2020-12-13T15:49:15.923] [DEBUG] debug - unique_1 :- Login request received for username: divya123
[2020-12-13T15:49:15.925] [DEBUG] debug - unique_1 :- Fetching from users db with username: divya123
[2020-12-13T15:49:16.244] [DEBUG] debug - unique_1 :- authenticatation is successfull
[2020-12-13T15:49:16.245] [DEBUG] debug - unique_1 :- About to create JWT token  
[2020-12-13T15:49:16.251] [DEBUG] debug - unique_1 :- Token was created sucessfully
[2020-12-13T15:49:16.252] [DEBUG] debug - unique_1
[2020-12-13T15:50:19.865] [DEBUG] debug - unique_1 :- Login request received for username: divya1234
[2020-12-13T15:50:19.866] [DEBUG] debug - unique_1 :- Fetching from users db with username: divya1234
[2020-12-13T15:52:15.247] [DEBUG] debug - unique_1 :- Login request received for username: divya1234
[2020-12-13T15:52:15.247] [DEBUG] debug - unique_1 :- Fetching from users db with username: divya1234
[2020-12-13T15:52:31.692] [DEBUG] debug - unique_1 :- Login request received for username: divya123
[2020-12-13T15:52:31.692] [DEBUG] debug - unique_1 :- Fetching from users db with username: divya123
[2020-12-13T15:52:31.990] [DEBUG] debug - unique_1 :- authenticatation is successfull
[2020-12-13T15:52:31.990] [DEBUG] debug - unique_1 :- About to create JWT token  
[2020-12-13T15:52:31.993] [DEBUG] debug - unique_1 :- Token was created sucessfully
[2020-12-13T15:52:31.993] [DEBUG] debug - unique_1
[2020-12-13T21:58:18.069] [DEBUG] debug - undefined :- Login request received for username: divya123
[2020-12-13T21:58:18.069] [DEBUG] debug - undefined :- Fetching from users db with username: divya123
[2020-12-13T21:58:18.245] [DEBUG] debug - undefined :- authenticatation is successfull
[2020-12-13T21:58:18.246] [DEBUG] debug - undefined :- About to create JWT token  
[2020-12-13T21:58:18.250] [DEBUG] debug - undefined :- Token was created sucessfully
[2020-12-13T21:58:18.250] [DEBUG] debug - null
[2020-12-13T22:16:55.947] [DEBUG] debug - undefined:- Registration successfull
[2020-12-13T22:30:20.196] [DEBUG] debug - undefined:- Registration successfull
[2020-12-13T22:31:05.421] [DEBUG] debug - undefined:- Registration successfull
[2020-12-13T22:33:54.223] [DEBUG] debug - undefined:- Registration successfull
[2020-12-13T22:37:10.983] [DEBUG] debug - undefined :- Login request received for username: divya123
[2020-12-13T22:37:10.984] [DEBUG] debug - undefined :- Fetching from users db with username: divya123
[2020-12-13T22:37:11.171] [DEBUG] debug - undefined :- authenticatation is successfull
[2020-12-13T22:37:11.171] [DEBUG] debug - undefined :- About to create JWT token  
[2020-12-13T22:37:11.177] [DEBUG] debug - undefined :- Token was created sucessfully
[2020-12-13T22:37:11.178] [DEBUG] debug - null
